/home/erick/ros_ws/src/ROS2_Tello/ros2_tello/install/ros2_tello/lib/python3.10/site-packages/ros2_tello/tello_modo.py
/home/erick/ros_ws/src/ROS2_Tello/ros2_tello/install/ros2_tello/lib/python3.10/site-packages/ros2_tello/tello_controller.py
/home/erick/ros_ws/src/ROS2_Tello/ros2_tello/install/ros2_tello/lib/python3.10/site-packages/ros2_tello/tello_ros.py
/home/erick/ros_ws/src/ROS2_Tello/ros2_tello/install/ros2_tello/lib/python3.10/site-packages/ros2_tello/__init__.py
/home/erick/ros_ws/src/ROS2_Tello/ros2_tello/install/ros2_tello/lib/python3.10/site-packages/ros2_tello/tello_test.py
/home/erick/ros_ws/src/ROS2_Tello/ros2_tello/install/ros2_tello/lib/python3.10/site-packages/ros2_tello/tello_sensors.py
/home/erick/ros_ws/src/ROS2_Tello/ros2_tello/install/ros2_tello/lib/python3.10/site-packages/ros2_tello/__pycache__/tello_modo.cpython-310.pyc
/home/erick/ros_ws/src/ROS2_Tello/ros2_tello/install/ros2_tello/lib/python3.10/site-packages/ros2_tello/__pycache__/tello_controller.cpython-310.pyc
/home/erick/ros_ws/src/ROS2_Tello/ros2_tello/install/ros2_tello/lib/python3.10/site-packages/ros2_tello/__pycache__/tello_ros.cpython-310.pyc
/home/erick/ros_ws/src/ROS2_Tello/ros2_tello/install/ros2_tello/lib/python3.10/site-packages/ros2_tello/__pycache__/__init__.cpython-310.pyc
/home/erick/ros_ws/src/ROS2_Tello/ros2_tello/install/ros2_tello/lib/python3.10/site-packages/ros2_tello/__pycache__/tello_test.cpython-310.pyc
/home/erick/ros_ws/src/ROS2_Tello/ros2_tello/install/ros2_tello/lib/python3.10/site-packages/ros2_tello/__pycache__/tello_sensors.cpython-310.pyc
/home/erick/ros_ws/src/ROS2_Tello/ros2_tello/install/ros2_tello/share/ament_index/resource_index/packages/ros2_tello
/home/erick/ros_ws/src/ROS2_Tello/ros2_tello/install/ros2_tello/share/ros2_tello/package.xml
/home/erick/ros_ws/src/ROS2_Tello/ros2_tello/install/ros2_tello/share/ros2_tello/launch
/home/erick/ros_ws/src/ROS2_Tello/ros2_tello/install/ros2_tello/lib/ros2_tello
/home/erick/ros_ws/src/ROS2_Tello/ros2_tello/install/ros2_tello/lib/python3.10/site-packages/ros2_tello-0.0.1-py3.10.egg-info/SOURCES.txt
/home/erick/ros_ws/src/ROS2_Tello/ros2_tello/install/ros2_tello/lib/python3.10/site-packages/ros2_tello-0.0.1-py3.10.egg-info/dependency_links.txt
/home/erick/ros_ws/src/ROS2_Tello/ros2_tello/install/ros2_tello/lib/python3.10/site-packages/ros2_tello-0.0.1-py3.10.egg-info/PKG-INFO
/home/erick/ros_ws/src/ROS2_Tello/ros2_tello/install/ros2_tello/lib/python3.10/site-packages/ros2_tello-0.0.1-py3.10.egg-info/entry_points.txt
/home/erick/ros_ws/src/ROS2_Tello/ros2_tello/install/ros2_tello/lib/python3.10/site-packages/ros2_tello-0.0.1-py3.10.egg-info/top_level.txt
/home/erick/ros_ws/src/ROS2_Tello/ros2_tello/install/ros2_tello/lib/python3.10/site-packages/ros2_tello-0.0.1-py3.10.egg-info/zip-safe
/home/erick/ros_ws/src/ROS2_Tello/ros2_tello/install/ros2_tello/lib/python3.10/site-packages/ros2_tello-0.0.1-py3.10.egg-info/requires.txt
/home/erick/ros_ws/src/ROS2_Tello/ros2_tello/install/ros2_tello/lib/ros2_tello/tello_controller
/home/erick/ros_ws/src/ROS2_Tello/ros2_tello/install/ros2_tello/lib/ros2_tello/tello_ros
